<?xml version="1.0" encoding="UTF-8"?>
<testsuite xmlns:xsi="http://www.w3.org/2001/XMLSchema-instance" xsi:noNamespaceSchemaLocation="https://maven.apache.org/surefire/maven-surefire-plugin/xsd/surefire-test-report.xsd" name="assesment.oxbury.GitOperationsTest" time="0.406" tests="53" errors="53" skipped="0" failures="0">
  <properties>
    <property name="java.specification.version" value="21"/>
    <property name="sun.cpu.isalist" value="amd64"/>
    <property name="sun.jnu.encoding" value="Cp1252"/>
    <property name="java.class.path" value="C:\Users\prave\codebase\bitbucket\bbpr\target\test-classes;C:\Users\prave\codebase\bitbucket\bbpr\target\classes;C:\Misc\mavenrepo\org\junit\jupiter\junit-jupiter-api\5.10.3\junit-jupiter-api-5.10.3.jar;C:\Misc\mavenrepo\org\opentest4j\opentest4j\1.3.0\opentest4j-1.3.0.jar;C:\Misc\mavenrepo\org\junit\platform\junit-platform-commons\1.10.3\junit-platform-commons-1.10.3.jar;C:\Misc\mavenrepo\org\apiguardian\apiguardian-api\1.1.2\apiguardian-api-1.1.2.jar;C:\Misc\mavenrepo\org\junit\jupiter\junit-jupiter-engine\5.10.3\junit-jupiter-engine-5.10.3.jar;C:\Misc\mavenrepo\org\junit\platform\junit-platform-engine\1.10.3\junit-platform-engine-1.10.3.jar;C:\Misc\mavenrepo\org\eclipse\jgit\org.eclipse.jgit\6.10.0.202406032230-r\org.eclipse.jgit-6.10.0.202406032230-r.jar;C:\Misc\mavenrepo\com\googlecode\javaewah\JavaEWAH\1.2.3\JavaEWAH-1.2.3.jar;C:\Misc\mavenrepo\commons-codec\commons-codec\1.17.0\commons-codec-1.17.0.jar;C:\Misc\mavenrepo\com\squareup\okhttp3\okhttp\4.12.0\okhttp-4.12.0.jar;C:\Misc\mavenrepo\com\squareup\okio\okio\3.6.0\okio-3.6.0.jar;C:\Misc\mavenrepo\com\squareup\okio\okio-jvm\3.6.0\okio-jvm-3.6.0.jar;C:\Misc\mavenrepo\org\jetbrains\kotlin\kotlin-stdlib-common\1.9.10\kotlin-stdlib-common-1.9.10.jar;C:\Misc\mavenrepo\org\jetbrains\kotlin\kotlin-stdlib-jdk8\1.8.21\kotlin-stdlib-jdk8-1.8.21.jar;C:\Misc\mavenrepo\org\jetbrains\kotlin\kotlin-stdlib\1.8.21\kotlin-stdlib-1.8.21.jar;C:\Misc\mavenrepo\org\jetbrains\annotations\13.0\annotations-13.0.jar;C:\Misc\mavenrepo\org\jetbrains\kotlin\kotlin-stdlib-jdk7\1.8.21\kotlin-stdlib-jdk7-1.8.21.jar;C:\Misc\mavenrepo\org\json\json\20240303\json-20240303.jar;C:\Misc\mavenrepo\com\google\guava\guava\33.2.1-jre\guava-33.2.1-jre.jar;C:\Misc\mavenrepo\com\google\guava\failureaccess\1.0.2\failureaccess-1.0.2.jar;C:\Misc\mavenrepo\com\google\guava\listenablefuture\9999.0-empty-to-avoid-conflict-with-guava\listenablefuture-9999.0-empty-to-avoid-conflict-with-guava.jar;C:\Misc\mavenrepo\com\google\code\findbugs\jsr305\3.0.2\jsr305-3.0.2.jar;C:\Misc\mavenrepo\org\checkerframework\checker-qual\3.42.0\checker-qual-3.42.0.jar;C:\Misc\mavenrepo\com\google\errorprone\error_prone_annotations\2.26.1\error_prone_annotations-2.26.1.jar;C:\Misc\mavenrepo\com\google\j2objc\j2objc-annotations\3.0.0\j2objc-annotations-3.0.0.jar;C:\Misc\mavenrepo\org\apache\commons\commons-lang3\3.14.0\commons-lang3-3.14.0.jar;C:\Misc\mavenrepo\org\slf4j\slf4j-api\2.0.13\slf4j-api-2.0.13.jar;C:\Misc\mavenrepo\org\slf4j\slf4j-simple\2.0.13\slf4j-simple-2.0.13.jar;C:\Misc\mavenrepo\org\junit\platform\junit-platform-runner\1.10.3\junit-platform-runner-1.10.3.jar;C:\Misc\mavenrepo\junit\junit\4.13.2\junit-4.13.2.jar;C:\Misc\mavenrepo\org\hamcrest\hamcrest-core\1.3\hamcrest-core-1.3.jar;C:\Misc\mavenrepo\org\junit\platform\junit-platform-launcher\1.10.3\junit-platform-launcher-1.10.3.jar;C:\Misc\mavenrepo\org\junit\platform\junit-platform-suite-api\1.10.3\junit-platform-suite-api-1.10.3.jar;C:\Misc\mavenrepo\org\junit\platform\junit-platform-suite-commons\1.10.3\junit-platform-suite-commons-1.10.3.jar;"/>
    <property name="java.vm.vendor" value="Microsoft"/>
    <property name="sun.arch.data.model" value="64"/>
    <property name="user.variant" value=""/>
    <property name="java.vendor.url" value="https://www.microsoft.com"/>
    <property name="user.timezone" value="Europe/London"/>
    <property name="os.name" value="Windows 11"/>
    <property name="java.vm.specification.version" value="21"/>
    <property name="sun.java.launcher" value="SUN_STANDARD"/>
    <property name="user.country" value="GB"/>
    <property name="sun.boot.library.path" value="C:\Program Files\Microsoft\jdk-21.0.0.35-hotspot\bin"/>
    <property name="sun.java.command" value="C:\Users\prave\AppData\Local\Temp\surefire16142296527634443236\surefirebooter552330561710446663.jar C:\Users\prave\AppData\Local\Temp\surefire16142296527634443236 2024-07-18T10-50-59_317-jvmRun1 surefire5517646475050361587tmp surefire_08489981492663650639tmp"/>
    <property name="jdk.debug" value="release"/>
    <property name="surefire.test.class.path" value="C:\Users\prave\codebase\bitbucket\bbpr\target\test-classes;C:\Users\prave\codebase\bitbucket\bbpr\target\classes;C:\Misc\mavenrepo\org\junit\jupiter\junit-jupiter-api\5.10.3\junit-jupiter-api-5.10.3.jar;C:\Misc\mavenrepo\org\opentest4j\opentest4j\1.3.0\opentest4j-1.3.0.jar;C:\Misc\mavenrepo\org\junit\platform\junit-platform-commons\1.10.3\junit-platform-commons-1.10.3.jar;C:\Misc\mavenrepo\org\apiguardian\apiguardian-api\1.1.2\apiguardian-api-1.1.2.jar;C:\Misc\mavenrepo\org\junit\jupiter\junit-jupiter-engine\5.10.3\junit-jupiter-engine-5.10.3.jar;C:\Misc\mavenrepo\org\junit\platform\junit-platform-engine\1.10.3\junit-platform-engine-1.10.3.jar;C:\Misc\mavenrepo\org\eclipse\jgit\org.eclipse.jgit\6.10.0.202406032230-r\org.eclipse.jgit-6.10.0.202406032230-r.jar;C:\Misc\mavenrepo\com\googlecode\javaewah\JavaEWAH\1.2.3\JavaEWAH-1.2.3.jar;C:\Misc\mavenrepo\commons-codec\commons-codec\1.17.0\commons-codec-1.17.0.jar;C:\Misc\mavenrepo\com\squareup\okhttp3\okhttp\4.12.0\okhttp-4.12.0.jar;C:\Misc\mavenrepo\com\squareup\okio\okio\3.6.0\okio-3.6.0.jar;C:\Misc\mavenrepo\com\squareup\okio\okio-jvm\3.6.0\okio-jvm-3.6.0.jar;C:\Misc\mavenrepo\org\jetbrains\kotlin\kotlin-stdlib-common\1.9.10\kotlin-stdlib-common-1.9.10.jar;C:\Misc\mavenrepo\org\jetbrains\kotlin\kotlin-stdlib-jdk8\1.8.21\kotlin-stdlib-jdk8-1.8.21.jar;C:\Misc\mavenrepo\org\jetbrains\kotlin\kotlin-stdlib\1.8.21\kotlin-stdlib-1.8.21.jar;C:\Misc\mavenrepo\org\jetbrains\annotations\13.0\annotations-13.0.jar;C:\Misc\mavenrepo\org\jetbrains\kotlin\kotlin-stdlib-jdk7\1.8.21\kotlin-stdlib-jdk7-1.8.21.jar;C:\Misc\mavenrepo\org\json\json\20240303\json-20240303.jar;C:\Misc\mavenrepo\com\google\guava\guava\33.2.1-jre\guava-33.2.1-jre.jar;C:\Misc\mavenrepo\com\google\guava\failureaccess\1.0.2\failureaccess-1.0.2.jar;C:\Misc\mavenrepo\com\google\guava\listenablefuture\9999.0-empty-to-avoid-conflict-with-guava\listenablefuture-9999.0-empty-to-avoid-conflict-with-guava.jar;C:\Misc\mavenrepo\com\google\code\findbugs\jsr305\3.0.2\jsr305-3.0.2.jar;C:\Misc\mavenrepo\org\checkerframework\checker-qual\3.42.0\checker-qual-3.42.0.jar;C:\Misc\mavenrepo\com\google\errorprone\error_prone_annotations\2.26.1\error_prone_annotations-2.26.1.jar;C:\Misc\mavenrepo\com\google\j2objc\j2objc-annotations\3.0.0\j2objc-annotations-3.0.0.jar;C:\Misc\mavenrepo\org\apache\commons\commons-lang3\3.14.0\commons-lang3-3.14.0.jar;C:\Misc\mavenrepo\org\slf4j\slf4j-api\2.0.13\slf4j-api-2.0.13.jar;C:\Misc\mavenrepo\org\slf4j\slf4j-simple\2.0.13\slf4j-simple-2.0.13.jar;C:\Misc\mavenrepo\org\junit\platform\junit-platform-runner\1.10.3\junit-platform-runner-1.10.3.jar;C:\Misc\mavenrepo\junit\junit\4.13.2\junit-4.13.2.jar;C:\Misc\mavenrepo\org\hamcrest\hamcrest-core\1.3\hamcrest-core-1.3.jar;C:\Misc\mavenrepo\org\junit\platform\junit-platform-launcher\1.10.3\junit-platform-launcher-1.10.3.jar;C:\Misc\mavenrepo\org\junit\platform\junit-platform-suite-api\1.10.3\junit-platform-suite-api-1.10.3.jar;C:\Misc\mavenrepo\org\junit\platform\junit-platform-suite-commons\1.10.3\junit-platform-suite-commons-1.10.3.jar;"/>
    <property name="sun.cpu.endian" value="little"/>
    <property name="user.home" value="C:\Users\prave"/>
    <property name="user.language" value="en"/>
    <property name="java.specification.vendor" value="Oracle Corporation"/>
    <property name="java.version.date" value="2023-09-19"/>
    <property name="java.home" value="C:\Program Files\Microsoft\jdk-21.0.0.35-hotspot"/>
    <property name="file.separator" value="\"/>
    <property name="basedir" value="C:\Users\prave\codebase\bitbucket\bbpr"/>
    <property name="java.vm.compressedOopsMode" value="Zero based"/>
    <property name="line.separator" value="&#10;"/>
    <property name="java.vm.specification.vendor" value="Oracle Corporation"/>
    <property name="java.specification.name" value="Java Platform API Specification"/>
    <property name="surefire.real.class.path" value="C:\Users\prave\AppData\Local\Temp\surefire16142296527634443236\surefirebooter552330561710446663.jar"/>
    <property name="user.script" value=""/>
    <property name="sun.management.compiler" value="HotSpot 64-Bit Tiered Compilers"/>
    <property name="java.runtime.version" value="21+35-LTS"/>
    <property name="user.name" value="prave"/>
    <property name="stdout.encoding" value="Cp1252"/>
    <property name="path.separator" value=";"/>
    <property name="os.version" value="10.0"/>
    <property name="java.runtime.name" value="OpenJDK Runtime Environment"/>
    <property name="file.encoding" value="UTF-8"/>
    <property name="java.vm.name" value="OpenJDK 64-Bit Server VM"/>
    <property name="java.vendor.version" value="Microsoft-8425986"/>
    <property name="localRepository" value="C:\Misc\mavenrepo"/>
    <property name="java.vendor.url.bug" value="https://github.com/microsoft/openjdk/issues"/>
    <property name="java.io.tmpdir" value="C:\Users\prave\AppData\Local\Temp\"/>
    <property name="java.version" value="21"/>
    <property name="user.dir" value="C:\Users\prave\codebase\bitbucket\bbpr"/>
    <property name="os.arch" value="amd64"/>
    <property name="java.vm.specification.name" value="Java Virtual Machine Specification"/>
    <property name="sun.os.patch.level" value=""/>
    <property name="native.encoding" value="Cp1252"/>
    <property name="java.library.path" value="C:\Program Files\Microsoft\jdk-21.0.0.35-hotspot\bin;C:\WINDOWS\Sun\Java\bin;C:\WINDOWS\system32;C:\WINDOWS;C:\Program Files\Microsoft\jdk-21.0.0.35-hotspot\bin;C:\WINDOWS\system32;C:\WINDOWS;C:\WINDOWS\System32\Wbem;C:\WINDOWS\System32\WindowsPowerShell\v1.0\;C:\WINDOWS\System32\OpenSSH\;C:\Program Files\dotnet\;C:\Program Files\nodejs\;C:\Program Files\Git\cmd;C:\Users\prave\AppData\Local\Microsoft\WindowsApps;C:\Users\prave\AppData\Local\Programs\Microsoft VS Code\bin;C:\Apps\PSTools;C:\Apps\apache-maven-3.9.5\bin;C:\Users\prave\.dotnet\tools;C:\Users\prave\codebase\local\scripts;C:\Users\prave\AppData\Roaming\npm;C:\Apps\sysinternals;C:\Apps\platform-tools;C:\Program Files (x86)\Nmap;C:\Apps\randoop-4.3.3;;."/>
    <property name="java.vm.info" value="mixed mode, sharing"/>
    <property name="stderr.encoding" value="Cp1252"/>
    <property name="java.vendor" value="Microsoft"/>
    <property name="java.vm.version" value="21+35-LTS"/>
    <property name="sun.io.unicode.encoding" value="UnicodeLittle"/>
    <property name="java.class.version" value="65.0"/>
  </properties>
  <testcase name="test01" classname="assesment.oxbury.GitOperationsTest" time="0.289">
    <error message="Parameter specified as non-null is null: method okhttp3.Request$Builder.post, parameter body" type="java.lang.NullPointerException">java.lang.NullPointerException: Parameter specified as non-null is null: method okhttp3.Request$Builder.post, parameter body
	at assesment.oxbury.GitOperationsTest.test01(GitOperationsTest.java:16)
</error>
  </testcase>
  <testcase name="test02" classname="assesment.oxbury.GitOperationsTest" time="0.011">
    <error message="Parameter specified as non-null is null: method okhttp3.Request$Builder.post, parameter body" type="java.lang.NullPointerException">java.lang.NullPointerException: Parameter specified as non-null is null: method okhttp3.Request$Builder.post, parameter body
	at assesment.oxbury.GitOperationsTest.test02(GitOperationsTest.java:24)
</error>
  </testcase>
  <testcase name="test03" classname="assesment.oxbury.GitOperationsTest" time="0.003">
    <error message="Parameter specified as non-null is null: method okhttp3.Request$Builder.post, parameter body" type="java.lang.NullPointerException">java.lang.NullPointerException: Parameter specified as non-null is null: method okhttp3.Request$Builder.post, parameter body
	at assesment.oxbury.GitOperationsTest.test03(GitOperationsTest.java:32)
</error>
  </testcase>
  <testcase name="test04" classname="assesment.oxbury.GitOperationsTest" time="0.002">
    <error message="Parameter specified as non-null is null: method okhttp3.Request$Builder.post, parameter body" type="java.lang.NullPointerException">java.lang.NullPointerException: Parameter specified as non-null is null: method okhttp3.Request$Builder.post, parameter body
	at assesment.oxbury.GitOperationsTest.test04(GitOperationsTest.java:40)
</error>
  </testcase>
  <testcase name="test05" classname="assesment.oxbury.GitOperationsTest" time="0.002">
    <error message="Parameter specified as non-null is null: method okhttp3.Request$Builder.post, parameter body" type="java.lang.NullPointerException">java.lang.NullPointerException: Parameter specified as non-null is null: method okhttp3.Request$Builder.post, parameter body
	at assesment.oxbury.GitOperationsTest.test05(GitOperationsTest.java:48)
</error>
  </testcase>
  <testcase name="test06" classname="assesment.oxbury.GitOperationsTest" time="0.002">
    <error message="Parameter specified as non-null is null: method okhttp3.Request$Builder.post, parameter body" type="java.lang.NullPointerException">java.lang.NullPointerException: Parameter specified as non-null is null: method okhttp3.Request$Builder.post, parameter body
	at assesment.oxbury.GitOperationsTest.test06(GitOperationsTest.java:56)
</error>
  </testcase>
  <testcase name="test07" classname="assesment.oxbury.GitOperationsTest" time="0.002">
    <error message="Parameter specified as non-null is null: method okhttp3.Request$Builder.post, parameter body" type="java.lang.NullPointerException">java.lang.NullPointerException: Parameter specified as non-null is null: method okhttp3.Request$Builder.post, parameter body
	at assesment.oxbury.GitOperationsTest.test07(GitOperationsTest.java:64)
</error>
  </testcase>
  <testcase name="test08" classname="assesment.oxbury.GitOperationsTest" time="0.002">
    <error message="Parameter specified as non-null is null: method okhttp3.Request$Builder.post, parameter body" type="java.lang.NullPointerException">java.lang.NullPointerException: Parameter specified as non-null is null: method okhttp3.Request$Builder.post, parameter body
	at assesment.oxbury.GitOperationsTest.test08(GitOperationsTest.java:72)
</error>
  </testcase>
  <testcase name="test09" classname="assesment.oxbury.GitOperationsTest" time="0.002">
    <error message="Parameter specified as non-null is null: method okhttp3.Request$Builder.post, parameter body" type="java.lang.NullPointerException">java.lang.NullPointerException: Parameter specified as non-null is null: method okhttp3.Request$Builder.post, parameter body
	at assesment.oxbury.GitOperationsTest.test09(GitOperationsTest.java:80)
</error>
  </testcase>
  <testcase name="test10" classname="assesment.oxbury.GitOperationsTest" time="0.002">
    <error message="Parameter specified as non-null is null: method okhttp3.Request$Builder.post, parameter body" type="java.lang.NullPointerException">java.lang.NullPointerException: Parameter specified as non-null is null: method okhttp3.Request$Builder.post, parameter body
	at assesment.oxbury.GitOperationsTest.test10(GitOperationsTest.java:88)
</error>
  </testcase>
  <testcase name="test11" classname="assesment.oxbury.GitOperationsTest" time="0.001">
    <error message="Parameter specified as non-null is null: method okhttp3.Request$Builder.post, parameter body" type="java.lang.NullPointerException">java.lang.NullPointerException: Parameter specified as non-null is null: method okhttp3.Request$Builder.post, parameter body
	at assesment.oxbury.GitOperationsTest.test11(GitOperationsTest.java:96)
</error>
  </testcase>
  <testcase name="test12" classname="assesment.oxbury.GitOperationsTest" time="0.002">
    <error message="Parameter specified as non-null is null: method okhttp3.Request$Builder.post, parameter body" type="java.lang.NullPointerException">java.lang.NullPointerException: Parameter specified as non-null is null: method okhttp3.Request$Builder.post, parameter body
	at assesment.oxbury.GitOperationsTest.test12(GitOperationsTest.java:104)
</error>
  </testcase>
  <testcase name="test13" classname="assesment.oxbury.GitOperationsTest" time="0.002">
    <error message="Parameter specified as non-null is null: method okhttp3.Request$Builder.post, parameter body" type="java.lang.NullPointerException">java.lang.NullPointerException: Parameter specified as non-null is null: method okhttp3.Request$Builder.post, parameter body
	at assesment.oxbury.GitOperationsTest.test13(GitOperationsTest.java:112)
</error>
  </testcase>
  <testcase name="test14" classname="assesment.oxbury.GitOperationsTest" time="0.002">
    <error message="Parameter specified as non-null is null: method okhttp3.Request$Builder.post, parameter body" type="java.lang.NullPointerException">java.lang.NullPointerException: Parameter specified as non-null is null: method okhttp3.Request$Builder.post, parameter body
	at assesment.oxbury.GitOperationsTest.test14(GitOperationsTest.java:120)
</error>
  </testcase>
  <testcase name="test15" classname="assesment.oxbury.GitOperationsTest" time="0.002">
    <error message="Parameter specified as non-null is null: method okhttp3.Request$Builder.post, parameter body" type="java.lang.NullPointerException">java.lang.NullPointerException: Parameter specified as non-null is null: method okhttp3.Request$Builder.post, parameter body
	at assesment.oxbury.GitOperationsTest.test15(GitOperationsTest.java:128)
</error>
  </testcase>
  <testcase name="test16" classname="assesment.oxbury.GitOperationsTest" time="0.001">
    <error message="Parameter specified as non-null is null: method okhttp3.Request$Builder.post, parameter body" type="java.lang.NullPointerException">java.lang.NullPointerException: Parameter specified as non-null is null: method okhttp3.Request$Builder.post, parameter body
	at assesment.oxbury.GitOperationsTest.test16(GitOperationsTest.java:136)
</error>
  </testcase>
  <testcase name="test17" classname="assesment.oxbury.GitOperationsTest" time="0.002">
    <error message="Parameter specified as non-null is null: method okhttp3.Request$Builder.post, parameter body" type="java.lang.NullPointerException">java.lang.NullPointerException: Parameter specified as non-null is null: method okhttp3.Request$Builder.post, parameter body
	at assesment.oxbury.GitOperationsTest.test17(GitOperationsTest.java:144)
</error>
  </testcase>
  <testcase name="test18" classname="assesment.oxbury.GitOperationsTest" time="0.002">
    <error message="Parameter specified as non-null is null: method okhttp3.Request$Builder.post, parameter body" type="java.lang.NullPointerException">java.lang.NullPointerException: Parameter specified as non-null is null: method okhttp3.Request$Builder.post, parameter body
	at assesment.oxbury.GitOperationsTest.test18(GitOperationsTest.java:152)
</error>
  </testcase>
  <testcase name="test19" classname="assesment.oxbury.GitOperationsTest" time="0.002">
    <error message="Parameter specified as non-null is null: method okhttp3.Request$Builder.post, parameter body" type="java.lang.NullPointerException">java.lang.NullPointerException: Parameter specified as non-null is null: method okhttp3.Request$Builder.post, parameter body
	at assesment.oxbury.GitOperationsTest.test19(GitOperationsTest.java:160)
</error>
  </testcase>
  <testcase name="test20" classname="assesment.oxbury.GitOperationsTest" time="0.002">
    <error message="Parameter specified as non-null is null: method okhttp3.Request$Builder.post, parameter body" type="java.lang.NullPointerException">java.lang.NullPointerException: Parameter specified as non-null is null: method okhttp3.Request$Builder.post, parameter body
	at assesment.oxbury.GitOperationsTest.test20(GitOperationsTest.java:168)
</error>
  </testcase>
  <testcase name="test21" classname="assesment.oxbury.GitOperationsTest" time="0.001">
    <error message="Parameter specified as non-null is null: method okhttp3.Request$Builder.post, parameter body" type="java.lang.NullPointerException">java.lang.NullPointerException: Parameter specified as non-null is null: method okhttp3.Request$Builder.post, parameter body
	at assesment.oxbury.GitOperationsTest.test21(GitOperationsTest.java:176)
</error>
  </testcase>
  <testcase name="test22" classname="assesment.oxbury.GitOperationsTest" time="0.001">
    <error message="Parameter specified as non-null is null: method okhttp3.Request$Builder.post, parameter body" type="java.lang.NullPointerException">java.lang.NullPointerException: Parameter specified as non-null is null: method okhttp3.Request$Builder.post, parameter body
	at assesment.oxbury.GitOperationsTest.test22(GitOperationsTest.java:184)
</error>
  </testcase>
  <testcase name="test23" classname="assesment.oxbury.GitOperationsTest" time="0.002">
    <error message="Parameter specified as non-null is null: method okhttp3.Request$Builder.post, parameter body" type="java.lang.NullPointerException">java.lang.NullPointerException: Parameter specified as non-null is null: method okhttp3.Request$Builder.post, parameter body
	at assesment.oxbury.GitOperationsTest.test23(GitOperationsTest.java:192)
</error>
  </testcase>
  <testcase name="test24" classname="assesment.oxbury.GitOperationsTest" time="0.001">
    <error message="Parameter specified as non-null is null: method okhttp3.Request$Builder.post, parameter body" type="java.lang.NullPointerException">java.lang.NullPointerException: Parameter specified as non-null is null: method okhttp3.Request$Builder.post, parameter body
	at assesment.oxbury.GitOperationsTest.test24(GitOperationsTest.java:200)
</error>
  </testcase>
  <testcase name="test25" classname="assesment.oxbury.GitOperationsTest" time="0.002">
    <error message="Parameter specified as non-null is null: method okhttp3.Request$Builder.post, parameter body" type="java.lang.NullPointerException">java.lang.NullPointerException: Parameter specified as non-null is null: method okhttp3.Request$Builder.post, parameter body
	at assesment.oxbury.GitOperationsTest.test25(GitOperationsTest.java:208)
</error>
  </testcase>
  <testcase name="test26" classname="assesment.oxbury.GitOperationsTest" time="0.003">
    <error message="Parameter specified as non-null is null: method okhttp3.Request$Builder.post, parameter body" type="java.lang.NullPointerException">java.lang.NullPointerException: Parameter specified as non-null is null: method okhttp3.Request$Builder.post, parameter body
	at assesment.oxbury.GitOperationsTest.test26(GitOperationsTest.java:216)
</error>
  </testcase>
  <testcase name="test27" classname="assesment.oxbury.GitOperationsTest" time="0.001">
    <error message="Parameter specified as non-null is null: method okhttp3.Request$Builder.post, parameter body" type="java.lang.NullPointerException">java.lang.NullPointerException: Parameter specified as non-null is null: method okhttp3.Request$Builder.post, parameter body
	at assesment.oxbury.GitOperationsTest.test27(GitOperationsTest.java:224)
</error>
  </testcase>
  <testcase name="test28" classname="assesment.oxbury.GitOperationsTest" time="0.001">
    <error message="Parameter specified as non-null is null: method okhttp3.Request$Builder.post, parameter body" type="java.lang.NullPointerException">java.lang.NullPointerException: Parameter specified as non-null is null: method okhttp3.Request$Builder.post, parameter body
	at assesment.oxbury.GitOperationsTest.test28(GitOperationsTest.java:232)
</error>
  </testcase>
  <testcase name="test29" classname="assesment.oxbury.GitOperationsTest" time="0.002">
    <error message="Parameter specified as non-null is null: method okhttp3.Request$Builder.post, parameter body" type="java.lang.NullPointerException">java.lang.NullPointerException: Parameter specified as non-null is null: method okhttp3.Request$Builder.post, parameter body
	at assesment.oxbury.GitOperationsTest.test29(GitOperationsTest.java:240)
</error>
  </testcase>
  <testcase name="test30" classname="assesment.oxbury.GitOperationsTest" time="0.001">
    <error message="Parameter specified as non-null is null: method okhttp3.Request$Builder.post, parameter body" type="java.lang.NullPointerException">java.lang.NullPointerException: Parameter specified as non-null is null: method okhttp3.Request$Builder.post, parameter body
	at assesment.oxbury.GitOperationsTest.test30(GitOperationsTest.java:248)
</error>
  </testcase>
  <testcase name="test31" classname="assesment.oxbury.GitOperationsTest" time="0.001">
    <error message="Parameter specified as non-null is null: method okhttp3.Request$Builder.post, parameter body" type="java.lang.NullPointerException">java.lang.NullPointerException: Parameter specified as non-null is null: method okhttp3.Request$Builder.post, parameter body
	at assesment.oxbury.GitOperationsTest.test31(GitOperationsTest.java:256)
</error>
  </testcase>
  <testcase name="test32" classname="assesment.oxbury.GitOperationsTest" time="0.002">
    <error message="Parameter specified as non-null is null: method okhttp3.Request$Builder.post, parameter body" type="java.lang.NullPointerException">java.lang.NullPointerException: Parameter specified as non-null is null: method okhttp3.Request$Builder.post, parameter body
	at assesment.oxbury.GitOperationsTest.test32(GitOperationsTest.java:264)
</error>
  </testcase>
  <testcase name="test33" classname="assesment.oxbury.GitOperationsTest" time="0.002">
    <error message="Parameter specified as non-null is null: method okhttp3.Request$Builder.post, parameter body" type="java.lang.NullPointerException">java.lang.NullPointerException: Parameter specified as non-null is null: method okhttp3.Request$Builder.post, parameter body
	at assesment.oxbury.GitOperationsTest.test33(GitOperationsTest.java:272)
</error>
  </testcase>
  <testcase name="test34" classname="assesment.oxbury.GitOperationsTest" time="0.002">
    <error message="Parameter specified as non-null is null: method okhttp3.Request$Builder.post, parameter body" type="java.lang.NullPointerException">java.lang.NullPointerException: Parameter specified as non-null is null: method okhttp3.Request$Builder.post, parameter body
	at assesment.oxbury.GitOperationsTest.test34(GitOperationsTest.java:280)
</error>
  </testcase>
  <testcase name="test35" classname="assesment.oxbury.GitOperationsTest" time="0.002">
    <error message="Parameter specified as non-null is null: method okhttp3.Request$Builder.post, parameter body" type="java.lang.NullPointerException">java.lang.NullPointerException: Parameter specified as non-null is null: method okhttp3.Request$Builder.post, parameter body
	at assesment.oxbury.GitOperationsTest.test35(GitOperationsTest.java:288)
</error>
  </testcase>
  <testcase name="test36" classname="assesment.oxbury.GitOperationsTest" time="0.001">
    <error message="Parameter specified as non-null is null: method okhttp3.Request$Builder.post, parameter body" type="java.lang.NullPointerException">java.lang.NullPointerException: Parameter specified as non-null is null: method okhttp3.Request$Builder.post, parameter body
	at assesment.oxbury.GitOperationsTest.test36(GitOperationsTest.java:296)
</error>
  </testcase>
  <testcase name="test37" classname="assesment.oxbury.GitOperationsTest" time="0.001">
    <error message="Parameter specified as non-null is null: method okhttp3.Request$Builder.post, parameter body" type="java.lang.NullPointerException">java.lang.NullPointerException: Parameter specified as non-null is null: method okhttp3.Request$Builder.post, parameter body
	at assesment.oxbury.GitOperationsTest.test37(GitOperationsTest.java:304)
</error>
  </testcase>
  <testcase name="test38" classname="assesment.oxbury.GitOperationsTest" time="0.002">
    <error message="Parameter specified as non-null is null: method okhttp3.Request$Builder.post, parameter body" type="java.lang.NullPointerException">java.lang.NullPointerException: Parameter specified as non-null is null: method okhttp3.Request$Builder.post, parameter body
	at assesment.oxbury.GitOperationsTest.test38(GitOperationsTest.java:312)
</error>
  </testcase>
  <testcase name="test39" classname="assesment.oxbury.GitOperationsTest" time="0.002">
    <error message="Parameter specified as non-null is null: method okhttp3.Request$Builder.post, parameter body" type="java.lang.NullPointerException">java.lang.NullPointerException: Parameter specified as non-null is null: method okhttp3.Request$Builder.post, parameter body
	at assesment.oxbury.GitOperationsTest.test39(GitOperationsTest.java:320)
</error>
  </testcase>
  <testcase name="test40" classname="assesment.oxbury.GitOperationsTest" time="0.001">
    <error message="Parameter specified as non-null is null: method okhttp3.Request$Builder.post, parameter body" type="java.lang.NullPointerException">java.lang.NullPointerException: Parameter specified as non-null is null: method okhttp3.Request$Builder.post, parameter body
	at assesment.oxbury.GitOperationsTest.test40(GitOperationsTest.java:328)
</error>
  </testcase>
  <testcase name="test41" classname="assesment.oxbury.GitOperationsTest" time="0.002">
    <error message="Parameter specified as non-null is null: method okhttp3.Request$Builder.post, parameter body" type="java.lang.NullPointerException">java.lang.NullPointerException: Parameter specified as non-null is null: method okhttp3.Request$Builder.post, parameter body
	at assesment.oxbury.GitOperationsTest.test41(GitOperationsTest.java:336)
</error>
  </testcase>
  <testcase name="test42" classname="assesment.oxbury.GitOperationsTest" time="0.002">
    <error message="Parameter specified as non-null is null: method okhttp3.Request$Builder.post, parameter body" type="java.lang.NullPointerException">java.lang.NullPointerException: Parameter specified as non-null is null: method okhttp3.Request$Builder.post, parameter body
	at assesment.oxbury.GitOperationsTest.test42(GitOperationsTest.java:344)
</error>
  </testcase>
  <testcase name="test43" classname="assesment.oxbury.GitOperationsTest" time="0.002">
    <error message="Parameter specified as non-null is null: method okhttp3.Request$Builder.post, parameter body" type="java.lang.NullPointerException">java.lang.NullPointerException: Parameter specified as non-null is null: method okhttp3.Request$Builder.post, parameter body
	at assesment.oxbury.GitOperationsTest.test43(GitOperationsTest.java:352)
</error>
  </testcase>
  <testcase name="test44" classname="assesment.oxbury.GitOperationsTest" time="0.002">
    <error message="Parameter specified as non-null is null: method okhttp3.Request$Builder.post, parameter body" type="java.lang.NullPointerException">java.lang.NullPointerException: Parameter specified as non-null is null: method okhttp3.Request$Builder.post, parameter body
	at assesment.oxbury.GitOperationsTest.test44(GitOperationsTest.java:360)
</error>
  </testcase>
  <testcase name="test45" classname="assesment.oxbury.GitOperationsTest" time="0.001">
    <error message="Parameter specified as non-null is null: method okhttp3.Request$Builder.post, parameter body" type="java.lang.NullPointerException">java.lang.NullPointerException: Parameter specified as non-null is null: method okhttp3.Request$Builder.post, parameter body
	at assesment.oxbury.GitOperationsTest.test45(GitOperationsTest.java:368)
</error>
  </testcase>
  <testcase name="test46" classname="assesment.oxbury.GitOperationsTest" time="0.001">
    <error message="Parameter specified as non-null is null: method okhttp3.Request$Builder.post, parameter body" type="java.lang.NullPointerException">java.lang.NullPointerException: Parameter specified as non-null is null: method okhttp3.Request$Builder.post, parameter body
	at assesment.oxbury.GitOperationsTest.test46(GitOperationsTest.java:376)
</error>
  </testcase>
  <testcase name="test47" classname="assesment.oxbury.GitOperationsTest" time="0.002">
    <error message="Parameter specified as non-null is null: method okhttp3.Request$Builder.post, parameter body" type="java.lang.NullPointerException">java.lang.NullPointerException: Parameter specified as non-null is null: method okhttp3.Request$Builder.post, parameter body
	at assesment.oxbury.GitOperationsTest.test47(GitOperationsTest.java:384)
</error>
  </testcase>
  <testcase name="test48" classname="assesment.oxbury.GitOperationsTest" time="0.002">
    <error message="Parameter specified as non-null is null: method okhttp3.Request$Builder.post, parameter body" type="java.lang.NullPointerException">java.lang.NullPointerException: Parameter specified as non-null is null: method okhttp3.Request$Builder.post, parameter body
	at assesment.oxbury.GitOperationsTest.test48(GitOperationsTest.java:392)
</error>
  </testcase>
  <testcase name="test49" classname="assesment.oxbury.GitOperationsTest" time="0.002">
    <error message="Parameter specified as non-null is null: method okhttp3.Request$Builder.post, parameter body" type="java.lang.NullPointerException">java.lang.NullPointerException: Parameter specified as non-null is null: method okhttp3.Request$Builder.post, parameter body
	at assesment.oxbury.GitOperationsTest.test49(GitOperationsTest.java:400)
</error>
  </testcase>
  <testcase name="test50" classname="assesment.oxbury.GitOperationsTest" time="0.002">
    <error message="Parameter specified as non-null is null: method okhttp3.Request$Builder.post, parameter body" type="java.lang.NullPointerException">java.lang.NullPointerException: Parameter specified as non-null is null: method okhttp3.Request$Builder.post, parameter body
	at assesment.oxbury.GitOperationsTest.test50(GitOperationsTest.java:408)
</error>
  </testcase>
  <testcase name="test51" classname="assesment.oxbury.GitOperationsTest" time="0.001">
    <error message="Parameter specified as non-null is null: method okhttp3.Request$Builder.post, parameter body" type="java.lang.NullPointerException">java.lang.NullPointerException: Parameter specified as non-null is null: method okhttp3.Request$Builder.post, parameter body
	at assesment.oxbury.GitOperationsTest.test51(GitOperationsTest.java:416)
</error>
  </testcase>
  <testcase name="test52" classname="assesment.oxbury.GitOperationsTest" time="0.001">
    <error message="Parameter specified as non-null is null: method okhttp3.Request$Builder.post, parameter body" type="java.lang.NullPointerException">java.lang.NullPointerException: Parameter specified as non-null is null: method okhttp3.Request$Builder.post, parameter body
	at assesment.oxbury.GitOperationsTest.test52(GitOperationsTest.java:424)
</error>
  </testcase>
  <testcase name="test53" classname="assesment.oxbury.GitOperationsTest" time="0.001">
    <error message="Parameter specified as non-null is null: method okhttp3.Request$Builder.post, parameter body" type="java.lang.NullPointerException">java.lang.NullPointerException: Parameter specified as non-null is null: method okhttp3.Request$Builder.post, parameter body
	at assesment.oxbury.GitOperationsTest.test53(GitOperationsTest.java:432)
</error>
  </testcase>
</testsuite>