<?xml version="1.0" encoding="UTF-8"?>
<testsuite xmlns:xsi="http://www.w3.org/2001/XMLSchema-instance" xsi:noNamespaceSchemaLocation="https://maven.apache.org/surefire/maven-surefire-plugin/xsd/surefire-test-report.xsd" name="assesment.oxbury.AppTest" time="0.052" tests="1" errors="0" skipped="0" failures="0">
  <properties>
    <property name="java.specification.version" value="21"/>
    <property name="sun.cpu.isalist" value="amd64"/>
    <property name="sun.jnu.encoding" value="Cp1252"/>
    <property name="java.class.path" value="C:\Users\prave\codebase\bitbucket\bbpr\target\test-classes;C:\Users\prave\codebase\bitbucket\bbpr\target\classes;C:\Misc\mavenrepo\org\junit\jupiter\junit-jupiter-api\5.10.3\junit-jupiter-api-5.10.3.jar;C:\Misc\mavenrepo\org\opentest4j\opentest4j\1.3.0\opentest4j-1.3.0.jar;C:\Misc\mavenrepo\org\junit\platform\junit-platform-commons\1.10.3\junit-platform-commons-1.10.3.jar;C:\Misc\mavenrepo\org\apiguardian\apiguardian-api\1.1.2\apiguardian-api-1.1.2.jar;C:\Misc\mavenrepo\org\junit\jupiter\junit-jupiter-engine\5.10.3\junit-jupiter-engine-5.10.3.jar;C:\Misc\mavenrepo\org\junit\platform\junit-platform-engine\1.10.3\junit-platform-engine-1.10.3.jar;C:\Misc\mavenrepo\org\eclipse\jgit\org.eclipse.jgit\6.10.0.202406032230-r\org.eclipse.jgit-6.10.0.202406032230-r.jar;C:\Misc\mavenrepo\com\googlecode\javaewah\JavaEWAH\1.2.3\JavaEWAH-1.2.3.jar;C:\Misc\mavenrepo\commons-codec\commons-codec\1.17.0\commons-codec-1.17.0.jar;C:\Misc\mavenrepo\com\squareup\okhttp3\okhttp\4.12.0\okhttp-4.12.0.jar;C:\Misc\mavenrepo\com\squareup\okio\okio\3.6.0\okio-3.6.0.jar;C:\Misc\mavenrepo\com\squareup\okio\okio-jvm\3.6.0\okio-jvm-3.6.0.jar;C:\Misc\mavenrepo\org\jetbrains\kotlin\kotlin-stdlib-common\1.9.10\kotlin-stdlib-common-1.9.10.jar;C:\Misc\mavenrepo\org\jetbrains\kotlin\kotlin-stdlib-jdk8\1.8.21\kotlin-stdlib-jdk8-1.8.21.jar;C:\Misc\mavenrepo\org\jetbrains\kotlin\kotlin-stdlib\1.8.21\kotlin-stdlib-1.8.21.jar;C:\Misc\mavenrepo\org\jetbrains\annotations\13.0\annotations-13.0.jar;C:\Misc\mavenrepo\org\jetbrains\kotlin\kotlin-stdlib-jdk7\1.8.21\kotlin-stdlib-jdk7-1.8.21.jar;C:\Misc\mavenrepo\org\json\json\20240303\json-20240303.jar;C:\Misc\mavenrepo\com\google\guava\guava\33.2.1-jre\guava-33.2.1-jre.jar;C:\Misc\mavenrepo\com\google\guava\failureaccess\1.0.2\failureaccess-1.0.2.jar;C:\Misc\mavenrepo\com\google\guava\listenablefuture\9999.0-empty-to-avoid-conflict-with-guava\listenablefuture-9999.0-empty-to-avoid-conflict-with-guava.jar;C:\Misc\mavenrepo\com\google\code\findbugs\jsr305\3.0.2\jsr305-3.0.2.jar;C:\Misc\mavenrepo\org\checkerframework\checker-qual\3.42.0\checker-qual-3.42.0.jar;C:\Misc\mavenrepo\com\google\errorprone\error_prone_annotations\2.26.1\error_prone_annotations-2.26.1.jar;C:\Misc\mavenrepo\com\google\j2objc\j2objc-annotations\3.0.0\j2objc-annotations-3.0.0.jar;C:\Misc\mavenrepo\org\apache\commons\commons-lang3\3.14.0\commons-lang3-3.14.0.jar;C:\Misc\mavenrepo\org\slf4j\slf4j-api\2.0.13\slf4j-api-2.0.13.jar;C:\Misc\mavenrepo\org\slf4j\slf4j-simple\2.0.13\slf4j-simple-2.0.13.jar;C:\Misc\mavenrepo\org\junit\platform\junit-platform-runner\1.10.3\junit-platform-runner-1.10.3.jar;C:\Misc\mavenrepo\junit\junit\4.13.2\junit-4.13.2.jar;C:\Misc\mavenrepo\org\hamcrest\hamcrest-core\1.3\hamcrest-core-1.3.jar;C:\Misc\mavenrepo\org\junit\platform\junit-platform-launcher\1.10.3\junit-platform-launcher-1.10.3.jar;C:\Misc\mavenrepo\org\junit\platform\junit-platform-suite-api\1.10.3\junit-platform-suite-api-1.10.3.jar;C:\Misc\mavenrepo\org\junit\platform\junit-platform-suite-commons\1.10.3\junit-platform-suite-commons-1.10.3.jar;"/>
    <property name="java.vm.vendor" value="Microsoft"/>
    <property name="sun.arch.data.model" value="64"/>
    <property name="user.variant" value=""/>
    <property name="java.vendor.url" value="https://www.microsoft.com"/>
    <property name="user.timezone" value="Europe/London"/>
    <property name="os.name" value="Windows 11"/>
    <property name="java.vm.specification.version" value="21"/>
    <property name="sun.java.launcher" value="SUN_STANDARD"/>
    <property name="user.country" value="GB"/>
    <property name="sun.boot.library.path" value="C:\Program Files\Microsoft\jdk-21.0.0.35-hotspot\bin"/>
    <property name="sun.java.command" value="C:\Users\prave\AppData\Local\Temp\surefire16142296527634443236\surefirebooter552330561710446663.jar C:\Users\prave\AppData\Local\Temp\surefire16142296527634443236 2024-07-18T10-50-59_317-jvmRun1 surefire5517646475050361587tmp surefire_08489981492663650639tmp"/>
    <property name="jdk.debug" value="release"/>
    <property name="surefire.test.class.path" value="C:\Users\prave\codebase\bitbucket\bbpr\target\test-classes;C:\Users\prave\codebase\bitbucket\bbpr\target\classes;C:\Misc\mavenrepo\org\junit\jupiter\junit-jupiter-api\5.10.3\junit-jupiter-api-5.10.3.jar;C:\Misc\mavenrepo\org\opentest4j\opentest4j\1.3.0\opentest4j-1.3.0.jar;C:\Misc\mavenrepo\org\junit\platform\junit-platform-commons\1.10.3\junit-platform-commons-1.10.3.jar;C:\Misc\mavenrepo\org\apiguardian\apiguardian-api\1.1.2\apiguardian-api-1.1.2.jar;C:\Misc\mavenrepo\org\junit\jupiter\junit-jupiter-engine\5.10.3\junit-jupiter-engine-5.10.3.jar;C:\Misc\mavenrepo\org\junit\platform\junit-platform-engine\1.10.3\junit-platform-engine-1.10.3.jar;C:\Misc\mavenrepo\org\eclipse\jgit\org.eclipse.jgit\6.10.0.202406032230-r\org.eclipse.jgit-6.10.0.202406032230-r.jar;C:\Misc\mavenrepo\com\googlecode\javaewah\JavaEWAH\1.2.3\JavaEWAH-1.2.3.jar;C:\Misc\mavenrepo\commons-codec\commons-codec\1.17.0\commons-codec-1.17.0.jar;C:\Misc\mavenrepo\com\squareup\okhttp3\okhttp\4.12.0\okhttp-4.12.0.jar;C:\Misc\mavenrepo\com\squareup\okio\okio\3.6.0\okio-3.6.0.jar;C:\Misc\mavenrepo\com\squareup\okio\okio-jvm\3.6.0\okio-jvm-3.6.0.jar;C:\Misc\mavenrepo\org\jetbrains\kotlin\kotlin-stdlib-common\1.9.10\kotlin-stdlib-common-1.9.10.jar;C:\Misc\mavenrepo\org\jetbrains\kotlin\kotlin-stdlib-jdk8\1.8.21\kotlin-stdlib-jdk8-1.8.21.jar;C:\Misc\mavenrepo\org\jetbrains\kotlin\kotlin-stdlib\1.8.21\kotlin-stdlib-1.8.21.jar;C:\Misc\mavenrepo\org\jetbrains\annotations\13.0\annotations-13.0.jar;C:\Misc\mavenrepo\org\jetbrains\kotlin\kotlin-stdlib-jdk7\1.8.21\kotlin-stdlib-jdk7-1.8.21.jar;C:\Misc\mavenrepo\org\json\json\20240303\json-20240303.jar;C:\Misc\mavenrepo\com\google\guava\guava\33.2.1-jre\guava-33.2.1-jre.jar;C:\Misc\mavenrepo\com\google\guava\failureaccess\1.0.2\failureaccess-1.0.2.jar;C:\Misc\mavenrepo\com\google\guava\listenablefuture\9999.0-empty-to-avoid-conflict-with-guava\listenablefuture-9999.0-empty-to-avoid-conflict-with-guava.jar;C:\Misc\mavenrepo\com\google\code\findbugs\jsr305\3.0.2\jsr305-3.0.2.jar;C:\Misc\mavenrepo\org\checkerframework\checker-qual\3.42.0\checker-qual-3.42.0.jar;C:\Misc\mavenrepo\com\google\errorprone\error_prone_annotations\2.26.1\error_prone_annotations-2.26.1.jar;C:\Misc\mavenrepo\com\google\j2objc\j2objc-annotations\3.0.0\j2objc-annotations-3.0.0.jar;C:\Misc\mavenrepo\org\apache\commons\commons-lang3\3.14.0\commons-lang3-3.14.0.jar;C:\Misc\mavenrepo\org\slf4j\slf4j-api\2.0.13\slf4j-api-2.0.13.jar;C:\Misc\mavenrepo\org\slf4j\slf4j-simple\2.0.13\slf4j-simple-2.0.13.jar;C:\Misc\mavenrepo\org\junit\platform\junit-platform-runner\1.10.3\junit-platform-runner-1.10.3.jar;C:\Misc\mavenrepo\junit\junit\4.13.2\junit-4.13.2.jar;C:\Misc\mavenrepo\org\hamcrest\hamcrest-core\1.3\hamcrest-core-1.3.jar;C:\Misc\mavenrepo\org\junit\platform\junit-platform-launcher\1.10.3\junit-platform-launcher-1.10.3.jar;C:\Misc\mavenrepo\org\junit\platform\junit-platform-suite-api\1.10.3\junit-platform-suite-api-1.10.3.jar;C:\Misc\mavenrepo\org\junit\platform\junit-platform-suite-commons\1.10.3\junit-platform-suite-commons-1.10.3.jar;"/>
    <property name="sun.cpu.endian" value="little"/>
    <property name="user.home" value="C:\Users\prave"/>
    <property name="user.language" value="en"/>
    <property name="java.specification.vendor" value="Oracle Corporation"/>
    <property name="java.version.date" value="2023-09-19"/>
    <property name="java.home" value="C:\Program Files\Microsoft\jdk-21.0.0.35-hotspot"/>
    <property name="file.separator" value="\"/>
    <property name="basedir" value="C:\Users\prave\codebase\bitbucket\bbpr"/>
    <property name="java.vm.compressedOopsMode" value="Zero based"/>
    <property name="line.separator" value="&#10;"/>
    <property name="java.vm.specification.vendor" value="Oracle Corporation"/>
    <property name="java.specification.name" value="Java Platform API Specification"/>
    <property name="surefire.real.class.path" value="C:\Users\prave\AppData\Local\Temp\surefire16142296527634443236\surefirebooter552330561710446663.jar"/>
    <property name="user.script" value=""/>
    <property name="sun.management.compiler" value="HotSpot 64-Bit Tiered Compilers"/>
    <property name="java.runtime.version" value="21+35-LTS"/>
    <property name="user.name" value="prave"/>
    <property name="stdout.encoding" value="Cp1252"/>
    <property name="path.separator" value=";"/>
    <property name="os.version" value="10.0"/>
    <property name="java.runtime.name" value="OpenJDK Runtime Environment"/>
    <property name="file.encoding" value="UTF-8"/>
    <property name="java.vm.name" value="OpenJDK 64-Bit Server VM"/>
    <property name="java.vendor.version" value="Microsoft-8425986"/>
    <property name="localRepository" value="C:\Misc\mavenrepo"/>
    <property name="java.vendor.url.bug" value="https://github.com/microsoft/openjdk/issues"/>
    <property name="java.io.tmpdir" value="C:\Users\prave\AppData\Local\Temp\"/>
    <property name="java.version" value="21"/>
    <property name="user.dir" value="C:\Users\prave\codebase\bitbucket\bbpr"/>
    <property name="os.arch" value="amd64"/>
    <property name="java.vm.specification.name" value="Java Virtual Machine Specification"/>
    <property name="sun.os.patch.level" value=""/>
    <property name="native.encoding" value="Cp1252"/>
    <property name="java.library.path" value="C:\Program Files\Microsoft\jdk-21.0.0.35-hotspot\bin;C:\WINDOWS\Sun\Java\bin;C:\WINDOWS\system32;C:\WINDOWS;C:\Program Files\Microsoft\jdk-21.0.0.35-hotspot\bin;C:\WINDOWS\system32;C:\WINDOWS;C:\WINDOWS\System32\Wbem;C:\WINDOWS\System32\WindowsPowerShell\v1.0\;C:\WINDOWS\System32\OpenSSH\;C:\Program Files\dotnet\;C:\Program Files\nodejs\;C:\Program Files\Git\cmd;C:\Users\prave\AppData\Local\Microsoft\WindowsApps;C:\Users\prave\AppData\Local\Programs\Microsoft VS Code\bin;C:\Apps\PSTools;C:\Apps\apache-maven-3.9.5\bin;C:\Users\prave\.dotnet\tools;C:\Users\prave\codebase\local\scripts;C:\Users\prave\AppData\Roaming\npm;C:\Apps\sysinternals;C:\Apps\platform-tools;C:\Program Files (x86)\Nmap;C:\Apps\randoop-4.3.3;;."/>
    <property name="java.vm.info" value="mixed mode, sharing"/>
    <property name="stderr.encoding" value="Cp1252"/>
    <property name="java.vendor" value="Microsoft"/>
    <property name="java.vm.version" value="21+35-LTS"/>
    <property name="sun.io.unicode.encoding" value="UnicodeLittle"/>
    <property name="java.class.version" value="65.0"/>
  </properties>
  <testcase name="shouldAnswerWithTrue" classname="assesment.oxbury.AppTest" time="0.028"/>
</testsuite>