<?xml version="1.0" encoding="UTF-8"?>
<testsuite xmlns:xsi="http://www.w3.org/2001/XMLSchema-instance" xsi:noNamespaceSchemaLocation="https://maven.apache.org/surefire/maven-surefire-plugin/xsd/surefire-test-report-3.0.xsd" version="3.0" name="test.pkb.TestTextSearch" time="0.732" tests="7" errors="0" skipped="0" failures="0">
  <properties>
    <property name="java.specification.version" value="17"/>
    <property name="sun.cpu.isalist" value="amd64"/>
    <property name="sun.jnu.encoding" value="Cp1252"/>
    <property name="java.class.path" value="c:\Users\prave\repos\git\tokeniser\target\test-classes;c:\Users\prave\repos\git\tokeniser\target\classes;C:\Users\prave\.m2\repository\org\projectlombok\lombok\1.18.28\lombok-1.18.28.jar;C:\Users\prave\.m2\repository\org\junit\jupiter\junit-jupiter-api\5.6.0\junit-jupiter-api-5.6.0.jar;C:\Users\prave\.m2\repository\org\apiguardian\apiguardian-api\1.1.0\apiguardian-api-1.1.0.jar;C:\Users\prave\.m2\repository\org\opentest4j\opentest4j\1.2.0\opentest4j-1.2.0.jar;C:\Users\prave\.m2\repository\org\junit\platform\junit-platform-commons\1.6.0\junit-platform-commons-1.6.0.jar;C:\Users\prave\.m2\repository\org\junit\jupiter\junit-jupiter-engine\5.6.0\junit-jupiter-engine-5.6.0.jar;C:\Users\prave\.m2\repository\org\junit\platform\junit-platform-engine\1.6.0\junit-platform-engine-1.6.0.jar;"/>
    <property name="java.vm.vendor" value="Microsoft"/>
    <property name="sun.arch.data.model" value="64"/>
    <property name="user.variant" value=""/>
    <property name="java.vendor.url" value="https://www.microsoft.com"/>
    <property name="user.timezone" value="Asia/Calcutta"/>
    <property name="os.name" value="Windows 11"/>
    <property name="java.vm.specification.version" value="17"/>
    <property name="sun.java.launcher" value="SUN_STANDARD"/>
    <property name="user.country" value="GB"/>
    <property name="sun.boot.library.path" value="c:\Program Files\Microsoft\jdk-17.0.6.10-hotspot\bin"/>
    <property name="sun.java.command" value="C:\Users\prave\AppData\Local\Temp\surefire1312714437678029500\surefirebooter12431085239271564392.jar C:\Users\prave\AppData\Local\Temp\surefire1312714437678029500 2023-08-05T09-17-43_085-jvmRun1 surefire13721915539905701390tmp surefire_01492034202708602519tmp"/>
    <property name="jdk.debug" value="release"/>
    <property name="surefire.test.class.path" value="c:\Users\prave\repos\git\tokeniser\target\test-classes;c:\Users\prave\repos\git\tokeniser\target\classes;C:\Users\prave\.m2\repository\org\projectlombok\lombok\1.18.28\lombok-1.18.28.jar;C:\Users\prave\.m2\repository\org\junit\jupiter\junit-jupiter-api\5.6.0\junit-jupiter-api-5.6.0.jar;C:\Users\prave\.m2\repository\org\apiguardian\apiguardian-api\1.1.0\apiguardian-api-1.1.0.jar;C:\Users\prave\.m2\repository\org\opentest4j\opentest4j\1.2.0\opentest4j-1.2.0.jar;C:\Users\prave\.m2\repository\org\junit\platform\junit-platform-commons\1.6.0\junit-platform-commons-1.6.0.jar;C:\Users\prave\.m2\repository\org\junit\jupiter\junit-jupiter-engine\5.6.0\junit-jupiter-engine-5.6.0.jar;C:\Users\prave\.m2\repository\org\junit\platform\junit-platform-engine\1.6.0\junit-platform-engine-1.6.0.jar;"/>
    <property name="sun.cpu.endian" value="little"/>
    <property name="user.home" value="C:\Users\prave"/>
    <property name="user.language" value="en"/>
    <property name="java.specification.vendor" value="Oracle Corporation"/>
    <property name="java.version.date" value="2023-01-17"/>
    <property name="java.home" value="c:\Program Files\Microsoft\jdk-17.0.6.10-hotspot"/>
    <property name="file.separator" value="\"/>
    <property name="basedir" value="c:\Users\prave\repos\git\tokeniser"/>
    <property name="java.vm.compressedOopsMode" value="Zero based"/>
    <property name="line.separator" value="&#10;"/>
    <property name="java.vm.specification.vendor" value="Oracle Corporation"/>
    <property name="java.specification.name" value="Java Platform API Specification"/>
    <property name="surefire.real.class.path" value="C:\Users\prave\AppData\Local\Temp\surefire1312714437678029500\surefirebooter12431085239271564392.jar"/>
    <property name="user.script" value=""/>
    <property name="sun.management.compiler" value="HotSpot 64-Bit Tiered Compilers"/>
    <property name="java.runtime.version" value="17.0.6+10-LTS"/>
    <property name="user.name" value="prave"/>
    <property name="path.separator" value=";"/>
    <property name="os.version" value="10.0"/>
    <property name="java.runtime.name" value="OpenJDK Runtime Environment"/>
    <property name="file.encoding" value="Cp1252"/>
    <property name="java.vm.name" value="OpenJDK 64-Bit Server VM"/>
    <property name="java.vendor.version" value="Microsoft-7209853"/>
    <property name="localRepository" value="C:\Users\prave\.m2\repository"/>
    <property name="java.vendor.url.bug" value="https://github.com/microsoft/openjdk/issues"/>
    <property name="java.io.tmpdir" value="C:\Users\prave\AppData\Local\Temp\"/>
    <property name="java.version" value="17.0.6"/>
    <property name="user.dir" value="c:\Users\prave\repos\git\tokeniser"/>
    <property name="os.arch" value="amd64"/>
    <property name="java.vm.specification.name" value="Java Virtual Machine Specification"/>
    <property name="sun.os.patch.level" value=""/>
    <property name="native.encoding" value="Cp1252"/>
    <property name="java.library.path" value="c:\Program Files\Microsoft\jdk-17.0.6.10-hotspot\bin;C:\WINDOWS\Sun\Java\bin;C:\WINDOWS\system32;C:\WINDOWS;C:\Python311\Scripts\;C:\Python311\;C:\Program Files\Microsoft\jdk-17.0.6.10-hotspot\bin;C:\Program Files\Microsoft\jdk-11.0.17.8-hotspot\bin;C:\WINDOWS\system32;C:\WINDOWS;C:\WINDOWS\System32\Wbem;C:\WINDOWS\System32\WindowsPowerShell\v1.0\;C:\WINDOWS\System32\OpenSSH\;C:\Program Files\Git\cmd;C:\Program Files\dotnet\;C:\Program Files\nodejs\;C:\ProgramData\chocolatey\bin;C:\Users\prave\AppData\Local\Microsoft\WindowsApps;C:\Users\prave\AppData\Local\Programs\Microsoft VS Code\bin;c:\Program Files\Notepad++\;C:\apps\platform-tools\;C:\Users\prave\AppData\Local\Programs\Python\Python310\Scripts\;C:\Users\prave\AppData\Local\Programs\Python\Python310\;C:\Users\prave\AppData\Roaming\npm;C:\Users\prave\.dotnet\tools;."/>
    <property name="java.vm.info" value="mixed mode, sharing"/>
    <property name="java.vendor" value="Microsoft"/>
    <property name="java.vm.version" value="17.0.6+10-LTS"/>
    <property name="sun.io.unicode.encoding" value="UnicodeLittle"/>
    <property name="java.class.version" value="61.0"/>
  </properties>
  <testcase name="testfindLongestEvenWordEmptyInput" classname="test.pkb.TestTextSearch" time="0.342">
    <system-err><![CDATA[Aug 05, 2023 9:17:48 AM test.pkb.TextSearch findLongestEvenWord
INFO: findLonges >> 
Aug 05, 2023 9:17:48 AM test.pkb.TextSearch findLongestEvenWord
SEVERE: Invlaid Input >> null
]]></system-err>
  </testcase>
  <testcase name="testfindLongestEvenWordFailure" classname="test.pkb.TestTextSearch" time="0.03">
    <system-err><![CDATA[Aug 05, 2023 9:17:49 AM test.pkb.TextSearch findLongestEvenWord
INFO: findLonges >> 
Aug 05, 2023 9:17:49 AM test.pkb.TextSearch findLongestEvenWord
WARNING: No even words found for the given input
]]></system-err>
  </testcase>
  <testcase name="testfindLongestEvenWordWithSpecialCharsSuccess" classname="test.pkb.TestTextSearch" time="0.053">
    <system-err><![CDATA[Aug 05, 2023 9:17:49 AM test.pkb.TextSearch findLongestEvenWord
INFO: findLonges >> 
Aug 05, 2023 9:17:49 AM test.pkb.TextSearch findLongestEvenWord
INFO: findLonges << nosucces*s
]]></system-err>
  </testcase>
  <testcase name="testfindLongestEvenWordNoSpecialCharsFailure" classname="test.pkb.TestTextSearch" time="0.022">
    <system-err><![CDATA[Aug 05, 2023 9:17:49 AM test.pkb.TextSearch findLongestEvenWord
INFO: findLonges >> 
Aug 05, 2023 9:17:49 AM test.pkb.TextSearch findLongestEvenWord
WARNING: No even words found for the given input
]]></system-err>
  </testcase>
  <testcase name="testfindLongestEvenWordWithSpecialCharsFailure" classname="test.pkb.TestTextSearch" time="0.012">
    <system-err><![CDATA[Aug 05, 2023 9:17:49 AM test.pkb.TextSearch findLongestEvenWord
INFO: findLonges >> 
Aug 05, 2023 9:17:49 AM test.pkb.TextSearch findLongestEvenWord
WARNING: No even words found for the given input
]]></system-err>
  </testcase>
  <testcase name="testfindLongestEvenWordNoSpeacialCharsSuccess" classname="test.pkb.TestTextSearch" time="0.019">
    <system-err><![CDATA[Aug 05, 2023 9:17:49 AM test.pkb.TextSearch findLongestEvenWord
INFO: findLonges >> 
Aug 05, 2023 9:17:49 AM test.pkb.TextSearch findLongestEvenWord
INFO: findLonges << Anotherr
]]></system-err>
  </testcase>
  <testcase name="testfindLongestEvenWordSuccess" classname="test.pkb.TestTextSearch" time="0.019">
    <system-err><![CDATA[Aug 05, 2023 9:17:49 AM test.pkb.TextSearch findLongestEvenWord
INFO: findLonges >> 
Aug 05, 2023 9:17:49 AM test.pkb.TextSearch findLongestEvenWord
INFO: findLonges << Sample
]]></system-err>
  </testcase>
</testsuite>